# JRE version: Java(TM) SE Runtime Environment (8.0_131-b11) (build 1.8.0_131-b11)
# Java VM: Java HotSpot(TM) 64-Bit Server VM (25.131-b11 mixed mode windows-amd64 compressed oops)
Heap:
 PSYoungGen      total 94208K, used 2351K [0x00000000eab00000, 0x00000000f2380000, 0x0000000100000000)
  eden space 91648K, 0% used [0x00000000eab00000,0x00000000eab00000,0x00000000f0480000)
  from space 2560K, 91% used [0x00000000f1b80000,0x00000000f1dcbe60,0x00000000f1e00000)
  to   space 5632K, 0% used [0x00000000f1e00000,0x00000000f1e00000,0x00000000f2380000)
 ParOldGen       total 297984K, used 294669K [0x00000000c0000000, 0x00000000d2300000, 0x00000000eab00000)
  object space 297984K, 98% used [0x00000000c0000000,0x00000000d1fc3418,0x00000000d2300000)
 Metaspace       used 101498K, capacity 112754K, committed 113280K, reserved 1148928K
  class space    used 11390K, capacity 14628K, committed 14720K, reserved 1048576K
GC Heap History (10 events):
Event: 21109.913 GC heap after
Heap after GC invocations=828 (full 23):
 PSYoungGen      total 107520K, used 3920K [0x00000000eab00000, 0x00000000f2c00000, 0x0000000100000000)
  eden space 102400K, 0% used [0x00000000eab00000,0x00000000eab00000,0x00000000f0f00000)
  from space 5120K, 76% used [0x00000000f0f00000,0x00000000f12d43d0,0x00000000f1400000)
  to   space 5120K, 0% used [0x00000000f2700000,0x00000000f2700000,0x00000000f2c00000)
 ParOldGen       total 297984K, used 284236K [0x00000000c0000000, 0x00000000d2300000, 0x00000000eab00000)
  object space 297984K, 95% used [0x00000000c0000000,0x00000000d15932d8,0x00000000d2300000)
 Metaspace       used 101494K, capacity 112754K, committed 113280K, reserved 1148928K
  class space    used 11390K, capacity 14628K, committed 14720K, reserved 1048576K
}
Event: 21135.013 GC heap before
{Heap before GC invocations=829 (full 23):
 PSYoungGen      total 107520K, used 106320K [0x00000000eab00000, 0x00000000f2c00000, 0x0000000100000000)
  eden space 102400K, 100% used [0x00000000eab00000,0x00000000f0f00000,0x00000000f0f00000)
  from space 5120K, 76% used [0x00000000f0f00000,0x00000000f12d43d0,0x00000000f1400000)
  to   space 5120K, 0% used [0x00000000f2700000,0x00000000f2700000,0x00000000f2c00000)
 ParOldGen       total 297984K, used 284236K [0x00000000c0000000, 0x00000000d2300000, 0x00000000eab00000)
  object space 297984K, 95% used [0x00000000c0000000,0x00000000d15932d8,0x00000000d2300000)
 Metaspace       used 101494K, capacity 112754K, committed 113280K, reserved 1148928K
  class space    used 11390K, capacity 14628K, committed 14720K, reserved 1048576K
Event: 21135.023 GC heap after
Heap after GC invocations=829 (full 23):
 PSYoungGen      total 102400K, used 2835K [0x00000000eab00000, 0x00000000f2a00000, 0x0000000100000000)
  eden space 99328K, 0% used [0x00000000eab00000,0x00000000eab00000,0x00000000f0c00000)
  from space 3072K, 92% used [0x00000000f2700000,0x00000000f29c4c50,0x00000000f2a00000)
  to   space 5120K, 0% used [0x00000000f2000000,0x00000000f2000000,0x00000000f2500000)
 ParOldGen       total 297984K, used 287542K [0x00000000c0000000, 0x00000000d2300000, 0x00000000eab00000)
  object space 297984K, 96% used [0x00000000c0000000,0x00000000d18cdb18,0x00000000d2300000)
 Metaspace       used 101494K, capacity 112754K, committed 113280K, reserved 1148928K
  class space    used 11390K, capacity 14628K, committed 14720K, reserved 1048576K
}
Event: 21155.109 GC heap before
{Heap before GC invocations=830 (full 23):
 PSYoungGen      total 102400K, used 102163K [0x00000000eab00000, 0x00000000f2a00000, 0x0000000100000000)
  eden space 99328K, 100% used [0x00000000eab00000,0x00000000f0c00000,0x00000000f0c00000)
  from space 3072K, 92% used [0x00000000f2700000,0x00000000f29c4c50,0x00000000f2a00000)
  to   space 5120K, 0% used [0x00000000f2000000,0x00000000f2000000,0x00000000f2500000)
 ParOldGen       total 297984K, used 287542K [0x00000000c0000000, 0x00000000d2300000, 0x00000000eab00000)
  object space 297984K, 96% used [0x00000000c0000000,0x00000000d18cdb18,0x00000000d2300000)
 Metaspace       used 101498K, capacity 112754K, committed 113280K, reserved 1148928K
  class space    used 11390K, capacity 14628K, committed 14720K, reserved 1048576K
Event: 21155.132 GC heap after
Heap after GC invocations=830 (full 23):
 PSYoungGen      total 99840K, used 3032K [0x00000000eab00000, 0x00000000f2780000, 0x0000000100000000)
  eden space 96768K, 0% used [0x00000000eab00000,0x00000000eab00000,0x00000000f0980000)
  from space 3072K, 98% used [0x00000000f2000000,0x00000000f22f62f8,0x00000000f2300000)
  to   space 4608K, 0% used [0x00000000f2300000,0x00000000f2300000,0x00000000f2780000)
 ParOldGen       total 297984K, used 289886K [0x00000000c0000000, 0x00000000d2300000, 0x00000000eab00000)
  object space 297984K, 97% used [0x00000000c0000000,0x00000000d1b17a78,0x00000000d2300000)
 Metaspace       used 101498K, capacity 112754K, committed 113280K, reserved 1148928K
  class space    used 11390K, capacity 14628K, committed 14720K, reserved 1048576K
}
Event: 21171.111 GC heap before
{Heap before GC invocations=831 (full 23):
 PSYoungGen      total 99840K, used 99800K [0x00000000eab00000, 0x00000000f2780000, 0x0000000100000000)
  eden space 96768K, 100% used [0x00000000eab00000,0x00000000f0980000,0x00000000f0980000)
  from space 3072K, 98% used [0x00000000f2000000,0x00000000f22f62f8,0x00000000f2300000)
  to   space 4608K, 0% used [0x00000000f2300000,0x00000000f2300000,0x00000000f2780000)
 ParOldGen       total 297984K, used 289886K [0x00000000c0000000, 0x00000000d2300000, 0x00000000eab00000)
  object space 297984K, 97% used [0x00000000c0000000,0x00000000d1b17a78,0x00000000d2300000)
 Metaspace       used 101498K, capacity 112754K, committed 113280K, reserved 1148928K
  class space    used 11390K, capacity 14628K, committed 14720K, reserved 1048576K
Event: 21171.122 GC heap after
Heap after GC invocations=831 (full 23):
 PSYoungGen      total 98816K, used 4591K [0x00000000eab00000, 0x00000000f2780000, 0x0000000100000000)
  eden space 94208K, 0% used [0x00000000eab00000,0x00000000eab00000,0x00000000f0700000)
  from space 4608K, 99% used [0x00000000f2300000,0x00000000f277bf78,0x00000000f2780000)
  to   space 6144K, 0% used [0x00000000f1b80000,0x00000000f1b80000,0x00000000f2180000)
 ParOldGen       total 297984K, used 291596K [0x00000000c0000000, 0x00000000d2300000, 0x00000000eab00000)
  object space 297984K, 97% used [0x00000000c0000000,0x00000000d1cc3228,0x00000000d2300000)
 Metaspace       used 101498K, capacity 112754K, committed 113280K, reserved 1148928K
  class space    used 11390K, capacity 14628K, committed 14720K, reserved 1048576K
}
Event: 21205.009 GC heap before
{Heap before GC invocations=832 (full 23):
 PSYoungGen      total 98816K, used 98799K [0x00000000eab00000, 0x00000000f2780000, 0x0000000100000000)
  eden space 94208K, 100% used [0x00000000eab00000,0x00000000f0700000,0x00000000f0700000)
  from space 4608K, 99% used [0x00000000f2300000,0x00000000f277bf78,0x00000000f2780000)
  to   space 6144K, 0% used [0x00000000f1b80000,0x00000000f1b80000,0x00000000f2180000)
 ParOldGen       total 297984K, used 291596K [0x00000000c0000000, 0x00000000d2300000, 0x00000000eab00000)
  object space 297984K, 97% used [0x00000000c0000000,0x00000000d1cc3228,0x00000000d2300000)
 Metaspace       used 101498K, capacity 112754K, committed 113280K, reserved 1148928K
  class space    used 11390K, capacity 14628K, committed 14720K, reserved 1048576K
Event: 21205.034 GC heap after
Heap after GC invocations=832 (full 23):
 PSYoungGen      total 94208K, used 2351K [0x00000000eab00000, 0x00000000f2380000, 0x0000000100000000)
  eden space 91648K, 0% used [0x00000000eab00000,0x00000000eab00000,0x00000000f0480000)
  from space 2560K, 91% used [0x00000000f1b80000,0x00000000f1dcbe60,0x00000000f1e00000)
  to   space 5632K, 0% used [0x00000000f1e00000,0x00000000f1e00000,0x00000000f2380000)
 ParOldGen       total 297984K, used 294669K [0x00000000c0000000, 0x00000000d2300000, 0x00000000eab00000)
  object space 297984K, 98% used [0x00000000c0000000,0x00000000d1fc3418,0x00000000d2300000)
 Metaspace       used 101498K, capacity 112754K, committed 113280K, reserved 1148928K
  class space    used 11390K, capacity 14628K, committed 14720K, reserved 1048576K
}
Event: 21205.034 GC heap before
{Heap before GC invocations=833 (full 24):
 PSYoungGen      total 94208K, used 2351K [0x00000000eab00000, 0x00000000f2380000, 0x0000000100000000)
  eden space 91648K, 0% used [0x00000000eab00000,0x00000000eab00000,0x00000000f0480000)
  from space 2560K, 91% used [0x00000000f1b80000,0x00000000f1dcbe60,0x00000000f1e00000)
  to   space 5632K, 0% used [0x00000000f1e00000,0x00000000f1e00000,0x00000000f2380000)
 ParOldGen       total 297984K, used 294669K [0x00000000c0000000, 0x00000000d2300000, 0x00000000eab00000)
  object space 297984K, 98% used [0x00000000c0000000,0x00000000d1fc3418,0x00000000d2300000)
 Metaspace       used 101498K, capacity 112754K, committed 113280K, reserved 1148928K
  class space    used 11390K, capacity 14628K, committed 14720K, reserved 1048576K

